[2026-04-18T12:58:12.314Z] GET http://localhost:8765/converter.html?cb=1776517091210885000 → 200 (2ms, 46144B)
[2026-04-18T12:58:12.319Z] GET https://fonts.googleapis.com/css2?family=Inter:wght@400;500;600;700&family=Plus+Jakarta+Sans:wght@500;600;700;800&display=swap → 200 (80ms, 16796B)
[2026-04-18T12:58:12.319Z] GET http://localhost:8765/imagetracer_v1.2.6.js?v=20260324d → 200 (6ms, 47405B)
[2026-04-18T12:58:12.319Z] GET http://localhost:8765/three-setup.js?v=20260324d → 200 (5ms, 459B)
[2026-04-18T12:58:12.319Z] GET http://localhost:8765/converter.js?v=20260324j → 200 (5ms, 23558B)
[2026-04-18T12:58:12.319Z] GET http://localhost:8765/style.css?v=20260324d → 200 (3ms, 169641B)
[2026-04-18T12:58:12.319Z] GET http://localhost:8765/favIcon.png?v=20260324d → 200 (5ms, 298149B)
[2026-04-18T12:58:12.430Z] GET https://fonts.gstatic.com/s/plusjakartasans/v12/LDIoaomQNQcsA88c7O9yZ4KMCoOg4Ko20yygg_vb.woff2 → 200 (72ms, 27272B)
[2026-04-18T12:58:12.434Z] GET http://localhost:8765/vendor/three/build/three.module.js → 200 (36ms, 1272972B)
[2026-04-18T12:58:12.435Z] GET http://localhost:8765/vendor/three/examples/jsm/loaders/SVGLoader.js → 200 (19ms, 69583B)
[2026-04-18T12:58:12.435Z] GET http://localhost:8765/vendor/three/examples/jsm/exporters/OBJExporter.js → 200 (17ms, 5395B)
[2026-04-18T12:58:12.435Z] GET http://localhost:8765/vendor/three/examples/jsm/utils/BufferGeometryUtils.js → 200 (19ms, 31931B)
[2026-04-18T12:58:12.435Z] GET http://localhost:8765/modules/tabs/bulk-tab.js → 200 (9ms, 30165B)
[2026-04-18T12:58:12.435Z] GET http://localhost:8765/modules/tabs/raster-tab.js → 200 (11ms, 12831B)
[2026-04-18T12:58:12.442Z] GET http://localhost:8765/modules/tabs/svg-tab.js → 200 (6ms, 37067B)
[2026-04-18T12:58:12.443Z] GET http://localhost:8765/modules/tabs/logo-tab.js?v=18 → 200 (19ms, 39309B)
[2026-04-18T12:58:12.443Z] GET http://localhost:8765/modules/raster-utils.js → 200 (23ms, 15200B)
[2026-04-18T12:58:12.443Z] GET http://localhost:8765/modules/app-elements.js?v=5 → 200 (18ms, 20266B)
[2026-04-18T12:58:12.443Z] GET http://localhost:8765/modules/app-state.js → 200 (21ms, 5465B)
[2026-04-18T12:58:12.446Z] GET http://localhost:8765/modules/export3d.js → 200 (22ms, 30583B)
[2026-04-18T12:58:12.449Z] GET http://localhost:8765/modules/config.js → 200 (20ms, 1587B)
[2026-04-18T12:58:12.449Z] GET http://localhost:8765/modules/preview3d.js?v=20260412b → 200 (21ms, 30863B)
[2026-04-18T12:58:12.449Z] GET http://localhost:8765/modules/export3d.js?v=20260412b → 200 (20ms, 30583B)
[2026-04-18T12:58:12.449Z] GET http://localhost:8765/modules/shared/image-utils.js → 200 (20ms, 7310B)
[2026-04-18T12:58:12.451Z] GET http://localhost:8765/modules/shared/trace-utils.js → 200 (19ms, 5562B)
[2026-04-18T12:58:12.451Z] GET http://localhost:8765/modules/shared/silhouette-builder.js → 200 (19ms, 11234B)
[2026-04-18T12:58:12.451Z] GET http://localhost:8765/modules/shared/slider-manager.js → 200 (20ms, 1483B)
[2026-04-18T12:58:12.451Z] GET http://localhost:8765/modules/shared/zoom-pan.js → 200 (20ms, 5478B)
[2026-04-18T12:58:12.451Z] GET http://localhost:8765/modules/shared/svg-renderer.js → 200 (21ms, 2830B)
[2026-04-18T12:58:12.451Z] GET http://localhost:8765/modules/shared/palette-manager.js → 200 (20ms, 8133B)
[2026-04-18T12:58:12.452Z] GET http://localhost:8765/modules/obj-scale.js → 200 (19ms, 4261B)
[2026-04-18T12:58:12.452Z] GET http://localhost:8765/modules/bambu-bridge.js → 200 (20ms, 2858B)
[2026-04-18T12:58:12.452Z] GET http://localhost:8765/modules/shared/trace-controls.js → 200 (19ms, 10440B)
[2026-04-18T12:58:12.463Z] GET http://localhost:8765/modules/tabs/logo/html-editor.js?v=13 → 200 (13ms, 35453B)
[2026-04-18T12:58:12.469Z] GET http://localhost:8765/modules/obj-model-plan.js?v=20260412b → 200 (8ms, 60198B)
[2026-04-18T12:58:12.469Z] GET http://localhost:8765/modules/bambu-project.js → 200 (4ms, 15712B)
[2026-04-18T12:58:12.469Z] GET http://localhost:8765/modules/shared/canonical-3d.js → 200 (8ms, 1091B)
[2026-04-18T12:58:12.473Z] GET http://localhost:8765/modules/bambu/templates.js → 200 (5ms, 7711B)
[2026-04-18T12:58:12.477Z] GET http://localhost:8765/modules/shared/print-geometry.js → 200 (28ms, 23891B)
[2026-04-18T12:58:12.505Z] GET http://localhost:8765/modules/tabs/html/tab-svg.html?v=20260324j → 200 (1ms, 16919B)
[2026-04-18T12:58:12.505Z] GET http://localhost:8765/modules/tabs/html/tab-logo.html?v=20260324j → 200 (2ms, 21665B)
[2026-04-18T12:58:12.505Z] GET http://localhost:8765/modules/tabs/html/tab-raster.html?v=20260324j → 200 (1ms, 11690B)
[2026-04-18T12:58:12.505Z] GET http://localhost:8765/modules/tabs/html/tab-bulk.html?v=20260324j → 200 (2ms, 15929B)
[2026-04-18T12:58:12.507Z] GET http://localhost:8765/modules/partials/footer-brand.html → 200 (1ms, 3217B)
[2026-04-18T12:58:12.524Z] GET http://localhost:8765/genesis-logo.png → 200 (?ms, 34437B)
[2026-04-18T12:58:14.671Z] GET http://localhost:8765/icon256.png → 200 (1ms, 100346B)
[2026-04-18T12:58:14.882Z] GET blob:http://localhost:8765/b2a040df-1b85-471e-ac9c-8f3eb11ddc27 → 200 (2ms, 53282B)
[2026-04-18T12:58:14.913Z] GET blob:http://localhost:8765/f0fc32b5-bdad-43c8-9076-e23ca722fe0a → 200 (11ms, 53282B)
[2026-04-18T12:58:17.821Z] GET blob:http://localhost:8765/30ef3b73-41ac-4e3c-8752-42af234d7de1 → 200 (2ms, 53282B)
